UG to STEP
! INFO-     NX STEP AP203 - V10.0
! INFO-      
! INFO-     Start of Translation: 31-AUG-2021  6:27:37 PM
! INFO-      
! STATUS-   Converting Part: F:\FangZhen\Sim\resourceData\_asm1.prt
! SUMMARY-   
! SUMMARY-  Summary of Unigraphics Part Entities
! SUMMARY-  For Part: F:\FangZhen\Sim\resourceData\_asm1.prt 
! SUMMARY-  Entities Processed             Count
! SUMMARY-  ------------------             -----
! SUMMARY-  Part Attribute ..............:     1
! SUMMARY-  Font ........................:     1
! SUMMARY-  Color Table .................:     2
! SUMMARY-  Coordinate System ...........:     1
! SUMMARY-  Parameter ...................:     1
! SUMMARY-  Matrix ......................:     1
! SUMMARY-  Component ...................:     3
! SUMMARY-                                 -----
! SUMMARY-  Total                             10
! SUMMARY-   
! SUMMARY-  Summary of Unigraphics Part Entities
! SUMMARY-  For Part: chui.prt 
! SUMMARY-  Entities Processed             Count
! SUMMARY-  ------------------             -----
! SUMMARY-  Part Attribute ..............:     1
! SUMMARY-  Font ........................:     1
! SUMMARY-  Color Table .................:     2
! SUMMARY-  Coordinate System ...........:     2
! SUMMARY-  Parameter ...................:     1
! SUMMARY-  Matrix ......................:     1
! SUMMARY-  Reference Set ...............:     1
! SUMMARY-  Solid .......................:
! SUMMARY-     Body .....................:     2
! SUMMARY-                                 -----
! SUMMARY-  Total                             11
! SUMMARY-   
! SUMMARY-  Summary of Unigraphics Part Entities
! SUMMARY-  For Part: xi_whole.prt 
! SUMMARY-  Entities Processed             Count
! SUMMARY-  ------------------             -----
! SUMMARY-  Part Attribute ..............:     1
! SUMMARY-  Font ........................:     1
! SUMMARY-  Color Table .................:     2
! SUMMARY-  Coordinate System ...........:     2
! SUMMARY-  Parameter ...................:     1
! SUMMARY-  Matrix ......................:     1
! SUMMARY-  Reference Set ...............:     1
! SUMMARY-  Solid .......................:
! SUMMARY-     Body .....................:    13
! SUMMARY-                                 -----
! SUMMARY-  Total                             22
! SUMMARY-   
! SUMMARY-  Summary of Unigraphics Part Entities
! SUMMARY-  For Part: tunnel-5-4_1.prt 
! SUMMARY-  Entities Processed             Count
! SUMMARY-  ------------------             -----
! SUMMARY-  Part Attribute ..............:     1
! SUMMARY-  Font ........................:     1
! SUMMARY-  Color Table .................:     2
! SUMMARY-  Coordinate System ...........:     2
! SUMMARY-  Parameter ...................:     1
! SUMMARY-  Matrix ......................:     1
! SUMMARY-  Reference Set ...............:     1
! SUMMARY-  Solid .......................:
! SUMMARY-     Body .....................:     1
! SUMMARY-                                 -----
! SUMMARY-  Total                             10
! STATUS-    
! STATUS-   Converting to Output Form (Phase 2 of 3): 31-AUG-2021 6:27:39 PM
! STATUS-    
! STATUS-    
! STATUS-   Generating UG geometry and placing them in parts
! STATUS-    
! SUMMARY-   
! SUMMARY-    STEP Header Information
! SUMMARY-   
! SUMMARY-  Description      Unknown
! SUMMARY-  Imp_Level        1
! SUMMARY-  File_Name        try_1.stp
! SUMMARY-  Date             2021-08-31T18:27:39+08:00
! SUMMARY-  Author           Unknown
! SUMMARY-  Organization     Unknown
! SUMMARY-  Pre_Version      ST-DEVELOPER v16
! SUMMARY-  Orig_System      SIEMENS PLM Software NX 10.0
! SUMMARY-  Authorization    Unknown
! SUMMARY-   
! SUMMARY-    Summary of STEP Entities
! SUMMARY-   
! SUMMARY-  Entity Type                                                   Count
! SUMMARY-  -----------                                                   ------
! SUMMARY-  advanced_brep_shape_representation .........................:      3
! SUMMARY-  advanced_face ..............................................:     85
! SUMMARY-  application_context ........................................:      1
! SUMMARY-  application_protocol_definition ............................:      1
! SUMMARY-  approval ...................................................:     15
! SUMMARY-  approval_date_time .........................................:     15
! SUMMARY-  approval_person_organization ...............................:     15
! SUMMARY-  approval_role ..............................................:     15
! SUMMARY-  approval_status ............................................:     15
! SUMMARY-  axis1_placement ............................................:      4
! SUMMARY-  axis2_placement_3d .........................................:    111
! SUMMARY-  calendar_date ..............................................:     26
! SUMMARY-  cartesian_point ............................................:    351
! SUMMARY-  cc_design_approval .........................................:     15
! SUMMARY-  cc_design_date_and_time_assignment .........................:     11
! SUMMARY-  cc_design_person_and_organization_assignment ...............:     19
! SUMMARY-  cc_design_security_classification ..........................:      7
! SUMMARY-  circle .....................................................:     26
! SUMMARY-  closed_shell ...............................................:     16
! SUMMARY-  conical_surface ............................................:      1
! SUMMARY-  context_dependent_shape_representation .....................:      3
! SUMMARY-  conversion_based_unit_and_plane_angle_unit .................:      1
! SUMMARY-  coordinated_universal_time_offset ..........................:     26
! SUMMARY-  cylindrical_surface ........................................:     10
! SUMMARY-  date_and_time ..............................................:     26
! SUMMARY-  date_time_role .............................................:     11
! SUMMARY-  design_context .............................................:      4
! SUMMARY-  dimensional_exponents ......................................:      1
! SUMMARY-  direction ..................................................:    356
! SUMMARY-  edge_curve .................................................:    152
! SUMMARY-  edge_loop ..................................................:     96
! SUMMARY-  face_bound .................................................:     22
! SUMMARY-  face_outer_bound ...........................................:     74
! SUMMARY-  geometric_representation_context_and_global_uncertainty_a ..:      4
! SUMMARY-  item_defined_transformation ................................:      3
! SUMMARY-  length_unit_and_si_unit ....................................:      1
! SUMMARY-  line .......................................................:    130
! SUMMARY-  local_time .................................................:     26
! SUMMARY-  manifold_solid_brep ........................................:     16
! SUMMARY-  mechanical_context .........................................:      4
! SUMMARY-  next_assembly_usage_occurrence .............................:      3
! SUMMARY-  organization ...............................................:     34
! SUMMARY-  oriented_edge ..............................................:    304
! SUMMARY-  person .....................................................:      1
! SUMMARY-  person_and_organization ....................................:     34
! SUMMARY-  person_and_organization_role ...............................:     19
! SUMMARY-  plane ......................................................:     70
! SUMMARY-  plane_angle_measure_with_unit ..............................:      1
! SUMMARY-  plane_angle_unit_and_si_unit ...............................:      1
! SUMMARY-  product ....................................................:      4
! SUMMARY-  product_category ...........................................:      5
! SUMMARY-  product_definition .........................................:      4
! SUMMARY-  product_definition_formation_with_specified_source .........:      4
! SUMMARY-  product_definition_shape ...................................:      7
! SUMMARY-  product_related_product_category ...........................:      4
! SUMMARY-  representation_relationship_with_transformation_and_shape ..:      3
! SUMMARY-  security_classification ....................................:      7
! SUMMARY-  security_classification_level ..............................:      7
! SUMMARY-  shape_definition_representation ............................:      4
! SUMMARY-  shape_representation .......................................:      4
! SUMMARY-  shape_representation_relationship ..........................:      3
! SUMMARY-  si_unit_and_solid_angle_unit ...............................:      1
! SUMMARY-  surface_of_revolution ......................................:      4
! SUMMARY-  uncertainty_measure_with_unit ..............................:      4
! SUMMARY-  vector .....................................................:    130
! SUMMARY-  vertex_point ...............................................:    106
! SUMMARY-                                                               -------
! SUMMARY-  Total                                                           2486
! INFO-      
! INFO-     User interface/default file
! INFO-     Bspline aprx. value in effect for this translation : 2.540000e-002 mm
! INFO-      
! INFO-     Total number of solids input for this translation  :      16
! INFO-      
! INFO-     Number of solids processed without problems        :      16
! INFO-      
! INFO-     Number of solids with problems output as sheets    :       0
! INFO-      
! INFO-     Number of solids not processed                     :       0
! INFO-      
! INFO-     End of Translation: 31-AUG-2021  6:27:39 PM
! INFO-      
